[INFO] [12:57:37] Initialized Client with 4 workers and link http://127.0.0.1:44977/status [/usr/WS1/pandey2/DFtracer1/dftracer/dfanalyzer/main.py:677]
[INFO] [12:57:39] Restarting all workers [/usr/WS1/pandey2/DFtracer1/dftracer/dfanalyzer/main.py:665]
[INFO] [12:58:04] Total 1 files [/usr/WS1/pandey2/DFtracer1/dftracer/dfanalyzer/main.py:367]
[INFO] [12:58:04] Created index for 0 files [/usr/WS1/pandey2/DFtracer1/dftracer/dfanalyzer/main.py:371]
[INFO] [12:58:04] Total size of all files are <dask.bag.core.Item object at 0x155495fffca0> bytes [/usr/WS1/pandey2/DFtracer1/dftracer/dfanalyzer/main.py:373]
[INFO] [12:58:07] Loaded events [/usr/WS1/pandey2/DFtracer1/dftracer/dfanalyzer/main.py:431]
[INFO] [12:58:07] Loaded plots with slope threshold: 45 [/usr/WS1/pandey2/DFtracer1/dftracer/dfanalyzer/main.py:437]
[INFO] [13:43:43] Total 1 files [/usr/WS1/pandey2/DFtracer1/dftracer/dfanalyzer/main.py:367]
[INFO] [13:43:43] Created index for 0 files [/usr/WS1/pandey2/DFtracer1/dftracer/dfanalyzer/main.py:371]
[INFO] [13:43:43] Total size of all files are <dask.bag.core.Item object at 0x155495f21520> bytes [/usr/WS1/pandey2/DFtracer1/dftracer/dfanalyzer/main.py:373]
[INFO] [13:43:44] Loaded events [/usr/WS1/pandey2/DFtracer1/dftracer/dfanalyzer/main.py:431]
[INFO] [13:43:44] Loaded plots with slope threshold: 45 [/usr/WS1/pandey2/DFtracer1/dftracer/dfanalyzer/main.py:437]
[INFO] [13:51:51] Total 1 files [/usr/WS1/pandey2/DFtracer1/dftracer/dfanalyzer/main.py:367]
[INFO] [13:51:51] Created index for 0 files [/usr/WS1/pandey2/DFtracer1/dftracer/dfanalyzer/main.py:371]
[INFO] [13:51:51] Total size of all files are <dask.bag.core.Item object at 0x155494d83f40> bytes [/usr/WS1/pandey2/DFtracer1/dftracer/dfanalyzer/main.py:373]
[INFO] [13:51:51] Loaded events [/usr/WS1/pandey2/DFtracer1/dftracer/dfanalyzer/main.py:431]
[INFO] [13:51:51] Loaded plots with slope threshold: 45 [/usr/WS1/pandey2/DFtracer1/dftracer/dfanalyzer/main.py:437]
[INFO] [13:52:46] Total 1 files [/usr/WS1/pandey2/DFtracer1/dftracer/dfanalyzer/main.py:367]
[INFO] [13:52:46] Created index for 0 files [/usr/WS1/pandey2/DFtracer1/dftracer/dfanalyzer/main.py:371]
[INFO] [13:52:46] Total size of all files are <dask.bag.core.Item object at 0x155494d893a0> bytes [/usr/WS1/pandey2/DFtracer1/dftracer/dfanalyzer/main.py:373]
[INFO] [13:53:00] Loaded events [/usr/WS1/pandey2/DFtracer1/dftracer/dfanalyzer/main.py:431]
[INFO] [13:53:00] Loaded plots with slope threshold: 45 [/usr/WS1/pandey2/DFtracer1/dftracer/dfanalyzer/main.py:437]
[INFO] [13:53:25] Total 1 files [/usr/WS1/pandey2/DFtracer1/dftracer/dfanalyzer/main.py:367]
[INFO] [13:53:25] Created index for 0 files [/usr/WS1/pandey2/DFtracer1/dftracer/dfanalyzer/main.py:371]
[INFO] [13:53:25] Total size of all files are <dask.bag.core.Item object at 0x155494d872e0> bytes [/usr/WS1/pandey2/DFtracer1/dftracer/dfanalyzer/main.py:373]
[INFO] [13:53:25] Loaded events [/usr/WS1/pandey2/DFtracer1/dftracer/dfanalyzer/main.py:431]
[INFO] [13:53:25] Loaded plots with slope threshold: 45 [/usr/WS1/pandey2/DFtracer1/dftracer/dfanalyzer/main.py:437]
[INFO] [14:07:01] Total 1 files [/usr/WS1/pandey2/DFtracer1/dftracer/dfanalyzer/main.py:367]
[INFO] [14:07:01] Created index for 0 files [/usr/WS1/pandey2/DFtracer1/dftracer/dfanalyzer/main.py:371]
[INFO] [14:07:01] Total size of all files are <dask.bag.core.Item object at 0x155494b441c0> bytes [/usr/WS1/pandey2/DFtracer1/dftracer/dfanalyzer/main.py:373]
[INFO] [14:07:01] Loaded events [/usr/WS1/pandey2/DFtracer1/dftracer/dfanalyzer/main.py:431]
[INFO] [14:07:01] Loaded plots with slope threshold: 45 [/usr/WS1/pandey2/DFtracer1/dftracer/dfanalyzer/main.py:437]
[ERROR] [14:07:54] No files selected for .pfw and .pfw.gz [/usr/WS1/pandey2/DFtracer1/dftracer/dfanalyzer/main.py:364]
[INFO] [14:08:08] Total 1 files [/usr/WS1/pandey2/DFtracer1/dftracer/dfanalyzer/main.py:367]
[INFO] [14:08:08] Created index for 0 files [/usr/WS1/pandey2/DFtracer1/dftracer/dfanalyzer/main.py:371]
[INFO] [14:08:08] Total size of all files are <dask.bag.core.Item object at 0x15549495f610> bytes [/usr/WS1/pandey2/DFtracer1/dftracer/dfanalyzer/main.py:373]
[INFO] [14:08:08] Loaded events [/usr/WS1/pandey2/DFtracer1/dftracer/dfanalyzer/main.py:431]
[INFO] [14:08:08] Loaded plots with slope threshold: 45 [/usr/WS1/pandey2/DFtracer1/dftracer/dfanalyzer/main.py:437]
[INFO] [14:10:17] Total 1 files [/usr/WS1/pandey2/DFtracer1/dftracer/dfanalyzer/main.py:367]
[INFO] [14:10:17] Created index for 0 files [/usr/WS1/pandey2/DFtracer1/dftracer/dfanalyzer/main.py:371]
[INFO] [14:10:17] Total size of all files are <dask.bag.core.Item object at 0x155494b01bb0> bytes [/usr/WS1/pandey2/DFtracer1/dftracer/dfanalyzer/main.py:373]
[INFO] [14:10:17] Loaded events [/usr/WS1/pandey2/DFtracer1/dftracer/dfanalyzer/main.py:431]
[INFO] [14:10:17] Loaded plots with slope threshold: 45 [/usr/WS1/pandey2/DFtracer1/dftracer/dfanalyzer/main.py:437]
[INFO] [14:48:45] Total 1 files [/usr/WS1/pandey2/DFtracer1/dftracer/dfanalyzer/main.py:367]
[INFO] [14:48:45] Created index for 0 files [/usr/WS1/pandey2/DFtracer1/dftracer/dfanalyzer/main.py:371]
[INFO] [14:48:45] Total size of all files are <dask.bag.core.Item object at 0x155494953970> bytes [/usr/WS1/pandey2/DFtracer1/dftracer/dfanalyzer/main.py:373]
[INFO] [14:50:21] Total 1 files [/usr/WS1/pandey2/DFtracer1/dftracer/dfanalyzer/main.py:367]
[INFO] [14:50:21] Created index for 0 files [/usr/WS1/pandey2/DFtracer1/dftracer/dfanalyzer/main.py:371]
[INFO] [14:50:21] Total size of all files are <dask.bag.core.Item object at 0x15544f263850> bytes [/usr/WS1/pandey2/DFtracer1/dftracer/dfanalyzer/main.py:373]
[INFO] [14:50:22] Loaded events [/usr/WS1/pandey2/DFtracer1/dftracer/dfanalyzer/main.py:431]
[INFO] [14:50:22] Loaded plots with slope threshold: 45 [/usr/WS1/pandey2/DFtracer1/dftracer/dfanalyzer/main.py:437]
[INFO] [14:50:49] Total 1 files [/usr/WS1/pandey2/DFtracer1/dftracer/dfanalyzer/main.py:367]
[INFO] [14:50:49] Created index for 0 files [/usr/WS1/pandey2/DFtracer1/dftracer/dfanalyzer/main.py:371]
[INFO] [14:50:49] Total size of all files are <dask.bag.core.Item object at 0x15544f22a040> bytes [/usr/WS1/pandey2/DFtracer1/dftracer/dfanalyzer/main.py:373]
[INFO] [14:50:50] Loaded events [/usr/WS1/pandey2/DFtracer1/dftracer/dfanalyzer/main.py:431]
[INFO] [14:50:50] Loaded plots with slope threshold: 45 [/usr/WS1/pandey2/DFtracer1/dftracer/dfanalyzer/main.py:437]
[INFO] [14:51:09] Total 1 files [/usr/WS1/pandey2/DFtracer1/dftracer/dfanalyzer/main.py:367]
[INFO] [14:51:09] Created index for 0 files [/usr/WS1/pandey2/DFtracer1/dftracer/dfanalyzer/main.py:371]
[INFO] [14:51:09] Total size of all files are <dask.bag.core.Item object at 0x155494392280> bytes [/usr/WS1/pandey2/DFtracer1/dftracer/dfanalyzer/main.py:373]
[INFO] [14:51:09] Loaded events [/usr/WS1/pandey2/DFtracer1/dftracer/dfanalyzer/main.py:431]
[INFO] [14:51:09] Loaded plots with slope threshold: 45 [/usr/WS1/pandey2/DFtracer1/dftracer/dfanalyzer/main.py:437]
[INFO] [14:52:30] Total 1 files [/usr/WS1/pandey2/DFtracer1/dftracer/dfanalyzer/main.py:367]
[INFO] [14:52:30] Created index for 0 files [/usr/WS1/pandey2/DFtracer1/dftracer/dfanalyzer/main.py:371]
[INFO] [14:52:30] Total size of all files are <dask.bag.core.Item object at 0x15549434c550> bytes [/usr/WS1/pandey2/DFtracer1/dftracer/dfanalyzer/main.py:373]
[INFO] [14:52:30] Loaded events [/usr/WS1/pandey2/DFtracer1/dftracer/dfanalyzer/main.py:431]
[INFO] [14:52:30] Loaded plots with slope threshold: 45 [/usr/WS1/pandey2/DFtracer1/dftracer/dfanalyzer/main.py:437]
[INFO] [14:57:23] Total 1 files [/usr/WS1/pandey2/DFtracer1/dftracer/dfanalyzer/main.py:367]
[INFO] [14:57:23] Created index for 0 files [/usr/WS1/pandey2/DFtracer1/dftracer/dfanalyzer/main.py:371]
[INFO] [14:57:23] Total size of all files are <dask.bag.core.Item object at 0x15544f727940> bytes [/usr/WS1/pandey2/DFtracer1/dftracer/dfanalyzer/main.py:373]
[INFO] [14:57:23] Loaded events [/usr/WS1/pandey2/DFtracer1/dftracer/dfanalyzer/main.py:431]
[INFO] [14:57:23] Loaded plots with slope threshold: 45 [/usr/WS1/pandey2/DFtracer1/dftracer/dfanalyzer/main.py:437]
[INFO] [14:58:01] Total 1 files [/usr/WS1/pandey2/DFtracer1/dftracer/dfanalyzer/main.py:367]
[INFO] [14:58:01] Created index for 0 files [/usr/WS1/pandey2/DFtracer1/dftracer/dfanalyzer/main.py:371]
[INFO] [14:58:01] Total size of all files are <dask.bag.core.Item object at 0x15544f227d00> bytes [/usr/WS1/pandey2/DFtracer1/dftracer/dfanalyzer/main.py:373]
[INFO] [14:58:01] Loaded events [/usr/WS1/pandey2/DFtracer1/dftracer/dfanalyzer/main.py:431]
[INFO] [14:58:01] Loaded plots with slope threshold: 45 [/usr/WS1/pandey2/DFtracer1/dftracer/dfanalyzer/main.py:437]
[INFO] [14:58:40] Total 1 files [/usr/WS1/pandey2/DFtracer1/dftracer/dfanalyzer/main.py:367]
[INFO] [14:58:40] Created index for 0 files [/usr/WS1/pandey2/DFtracer1/dftracer/dfanalyzer/main.py:371]
[INFO] [14:58:40] Total size of all files are <dask.bag.core.Item object at 0x15544f1516d0> bytes [/usr/WS1/pandey2/DFtracer1/dftracer/dfanalyzer/main.py:373]
[INFO] [14:58:40] Loaded events [/usr/WS1/pandey2/DFtracer1/dftracer/dfanalyzer/main.py:431]
[INFO] [14:58:40] Loaded plots with slope threshold: 45 [/usr/WS1/pandey2/DFtracer1/dftracer/dfanalyzer/main.py:437]
[INFO] [14:59:10] Total 1 files [/usr/WS1/pandey2/DFtracer1/dftracer/dfanalyzer/main.py:367]
[INFO] [14:59:10] Created index for 0 files [/usr/WS1/pandey2/DFtracer1/dftracer/dfanalyzer/main.py:371]
[INFO] [14:59:10] Total size of all files are <dask.bag.core.Item object at 0x155494c213a0> bytes [/usr/WS1/pandey2/DFtracer1/dftracer/dfanalyzer/main.py:373]
[INFO] [14:59:10] Loaded events [/usr/WS1/pandey2/DFtracer1/dftracer/dfanalyzer/main.py:431]
[INFO] [14:59:10] Loaded plots with slope threshold: 45 [/usr/WS1/pandey2/DFtracer1/dftracer/dfanalyzer/main.py:437]
[INFO] [15:00:50] Total 1 files [/usr/WS1/pandey2/DFtracer1/dftracer/dfanalyzer/main.py:367]
[INFO] [15:00:50] Created index for 0 files [/usr/WS1/pandey2/DFtracer1/dftracer/dfanalyzer/main.py:371]
[INFO] [15:00:50] Total size of all files are <dask.bag.core.Item object at 0x15544f1c6760> bytes [/usr/WS1/pandey2/DFtracer1/dftracer/dfanalyzer/main.py:373]
[INFO] [15:00:50] Loaded events [/usr/WS1/pandey2/DFtracer1/dftracer/dfanalyzer/main.py:431]
[INFO] [15:00:50] Loaded plots with slope threshold: 45 [/usr/WS1/pandey2/DFtracer1/dftracer/dfanalyzer/main.py:437]
[INFO] [15:02:03] Total 1 files [/usr/WS1/pandey2/DFtracer1/dftracer/dfanalyzer/main.py:367]
[INFO] [15:02:03] Created index for 0 files [/usr/WS1/pandey2/DFtracer1/dftracer/dfanalyzer/main.py:371]
[INFO] [15:02:03] Total size of all files are <dask.bag.core.Item object at 0x15544f085cd0> bytes [/usr/WS1/pandey2/DFtracer1/dftracer/dfanalyzer/main.py:373]
[INFO] [15:02:03] Loaded events [/usr/WS1/pandey2/DFtracer1/dftracer/dfanalyzer/main.py:431]
[INFO] [15:02:03] Loaded plots with slope threshold: 45 [/usr/WS1/pandey2/DFtracer1/dftracer/dfanalyzer/main.py:437]
[INFO] [15:03:22] Total 1 files [/usr/WS1/pandey2/DFtracer1/dftracer/dfanalyzer/main.py:367]
[INFO] [15:03:22] Created index for 0 files [/usr/WS1/pandey2/DFtracer1/dftracer/dfanalyzer/main.py:371]
[INFO] [15:03:22] Total size of all files are <dask.bag.core.Item object at 0x15544efd2640> bytes [/usr/WS1/pandey2/DFtracer1/dftracer/dfanalyzer/main.py:373]
[INFO] [15:03:22] Loaded events [/usr/WS1/pandey2/DFtracer1/dftracer/dfanalyzer/main.py:431]
[INFO] [15:03:22] Loaded plots with slope threshold: 45 [/usr/WS1/pandey2/DFtracer1/dftracer/dfanalyzer/main.py:437]
[INFO] [15:08:20] Total 1 files [/usr/WS1/pandey2/DFtracer1/dftracer/dfanalyzer/main.py:367]
[INFO] [15:08:20] Created index for 0 files [/usr/WS1/pandey2/DFtracer1/dftracer/dfanalyzer/main.py:371]
[INFO] [15:08:20] Total size of all files are <dask.bag.core.Item object at 0x15544eeda6a0> bytes [/usr/WS1/pandey2/DFtracer1/dftracer/dfanalyzer/main.py:373]
[INFO] [15:08:20] Loaded events [/usr/WS1/pandey2/DFtracer1/dftracer/dfanalyzer/main.py:431]
[INFO] [15:08:20] Loaded plots with slope threshold: 45 [/usr/WS1/pandey2/DFtracer1/dftracer/dfanalyzer/main.py:437]
[INFO] [15:09:45] Total 1 files [/usr/WS1/pandey2/DFtracer1/dftracer/dfanalyzer/main.py:367]
[INFO] [15:09:45] Created index for 0 files [/usr/WS1/pandey2/DFtracer1/dftracer/dfanalyzer/main.py:371]
[INFO] [15:09:45] Total size of all files are <dask.bag.core.Item object at 0x15544eeda400> bytes [/usr/WS1/pandey2/DFtracer1/dftracer/dfanalyzer/main.py:373]
[INFO] [15:09:45] Loaded events [/usr/WS1/pandey2/DFtracer1/dftracer/dfanalyzer/main.py:431]
[INFO] [15:09:45] Loaded plots with slope threshold: 45 [/usr/WS1/pandey2/DFtracer1/dftracer/dfanalyzer/main.py:437]
[INFO] [15:10:37] Total 1 files [/usr/WS1/pandey2/DFtracer1/dftracer/dfanalyzer/main.py:367]
[INFO] [15:10:37] Created index for 0 files [/usr/WS1/pandey2/DFtracer1/dftracer/dfanalyzer/main.py:371]
[INFO] [15:10:37] Total size of all files are <dask.bag.core.Item object at 0x15544ee613d0> bytes [/usr/WS1/pandey2/DFtracer1/dftracer/dfanalyzer/main.py:373]
[INFO] [15:10:38] Loaded events [/usr/WS1/pandey2/DFtracer1/dftracer/dfanalyzer/main.py:431]
[INFO] [15:10:38] Loaded plots with slope threshold: 45 [/usr/WS1/pandey2/DFtracer1/dftracer/dfanalyzer/main.py:437]
[INFO] [17:59:35] Initialized Client with 4 workers and link http://127.0.0.1:37779/status [/usr/WS1/pandey2/DFtracer1/dftracer/dfanalyzer/main.py:677]
[INFO] [17:59:37] Restarting all workers [/usr/WS1/pandey2/DFtracer1/dftracer/dfanalyzer/main.py:665]
[INFO] [17:59:45] Total 1 files [/usr/WS1/pandey2/DFtracer1/dftracer/dfanalyzer/main.py:367]
[INFO] [17:59:45] Created index for 0 files [/usr/WS1/pandey2/DFtracer1/dftracer/dfanalyzer/main.py:371]
[INFO] [17:59:45] Total size of all files are <dask.bag.core.Item object at 0x1554ade72460> bytes [/usr/WS1/pandey2/DFtracer1/dftracer/dfanalyzer/main.py:373]
[INFO] [17:59:48] Loaded events [/usr/WS1/pandey2/DFtracer1/dftracer/dfanalyzer/main.py:431]
[INFO] [17:59:48] Loaded plots with slope threshold: 45 [/usr/WS1/pandey2/DFtracer1/dftracer/dfanalyzer/main.py:437]
[INFO] [15:01:46] Initialized Client with 4 workers and link http://127.0.0.1:42787/status [/usr/WS1/pandey2/DFtracer1/dftracer/dfanalyzer/main.py:677]
[INFO] [15:01:47] Restarting all workers [/usr/WS1/pandey2/DFtracer1/dftracer/dfanalyzer/main.py:665]
[INFO] [15:01:48] Total 1 files [/usr/WS1/pandey2/DFtracer1/dftracer/dfanalyzer/main.py:367]
[INFO] [15:01:48] Created index for 0 files [/usr/WS1/pandey2/DFtracer1/dftracer/dfanalyzer/main.py:371]
[INFO] [15:01:48] Total size of all files are <dask.bag.core.Item object at 0x1554ade87910> bytes [/usr/WS1/pandey2/DFtracer1/dftracer/dfanalyzer/main.py:373]
[INFO] [15:01:50] Loaded events [/usr/WS1/pandey2/DFtracer1/dftracer/dfanalyzer/main.py:431]
[INFO] [15:01:50] Loaded plots with slope threshold: 45 [/usr/WS1/pandey2/DFtracer1/dftracer/dfanalyzer/main.py:437]
[INFO] [11:41:43] Initialized Client with 4 workers and link http://127.0.0.1:46677/status [/usr/WS1/pandey2/DFtracer1/dftracer/dfanalyzer/main.py:676]
[INFO] [11:41:44] Restarting all workers [/usr/WS1/pandey2/DFtracer1/dftracer/dfanalyzer/main.py:664]
[INFO] [11:41:44] Created index for 0 files [/usr/WS1/pandey2/DFtracer1/dftracer/dfanalyzer/main.py:370]
[INFO] [11:41:44] Total size of all files are <dask.bag.core.Item object at 0x1554ade729a0> bytes [/usr/WS1/pandey2/DFtracer1/dftracer/dfanalyzer/main.py:372]
[INFO] [11:41:46] Loaded events [/usr/WS1/pandey2/DFtracer1/dftracer/dfanalyzer/main.py:430]
[INFO] [11:41:46] Loaded plots with slope threshold: 45 [/usr/WS1/pandey2/DFtracer1/dftracer/dfanalyzer/main.py:436]
[INFO] [10:16:28] Initialized Client with 4 workers and link http://127.0.0.1:42585/status [/usr/WS1/pandey2/DFtracer1/dftracer/dfanalyzer/main.py:676]
[INFO] [10:16:29] Restarting all workers [/usr/WS1/pandey2/DFtracer1/dftracer/dfanalyzer/main.py:664]
[INFO] [10:16:29] Created index for 0 files [/usr/WS1/pandey2/DFtracer1/dftracer/dfanalyzer/main.py:370]
[INFO] [10:16:29] Total size of all files are <dask.bag.core.Item object at 0x155541de0970> bytes [/usr/WS1/pandey2/DFtracer1/dftracer/dfanalyzer/main.py:372]
[INFO] [10:16:31] Loaded events [/usr/WS1/pandey2/DFtracer1/dftracer/dfanalyzer/main.py:430]
[INFO] [10:16:31] Loaded plots with slope threshold: 45 [/usr/WS1/pandey2/DFtracer1/dftracer/dfanalyzer/main.py:436]
[INFO] [05:55:00] Initialized Client with 4 workers and link http://127.0.0.1:35157/status [/usr/WS1/pandey2/DFtracer1/dftracer/dfanalyzer/main.py:676]
[INFO] [05:55:02] Restarting all workers [/usr/WS1/pandey2/DFtracer1/dftracer/dfanalyzer/main.py:664]
[INFO] [05:55:02] Created index for 0 files [/usr/WS1/pandey2/DFtracer1/dftracer/dfanalyzer/main.py:370]
[INFO] [05:55:02] Total size of all files are <dask.bag.core.Item object at 0x1554aa7884c0> bytes [/usr/WS1/pandey2/DFtracer1/dftracer/dfanalyzer/main.py:372]
[INFO] [05:55:04] Loaded events [/usr/WS1/pandey2/DFtracer1/dftracer/dfanalyzer/main.py:430]
[INFO] [05:55:04] Loaded plots with slope threshold: 45 [/usr/WS1/pandey2/DFtracer1/dftracer/dfanalyzer/main.py:436]
[INFO] [06:01:33] Initialized Client with 4 workers and link http://127.0.0.1:36681/status [/usr/WS1/pandey2/DFtracer1/dftracer/dfanalyzer/main.py:676]
[INFO] [06:01:35] Restarting all workers [/usr/WS1/pandey2/DFtracer1/dftracer/dfanalyzer/main.py:664]
[INFO] [06:01:35] Created index for 0 files [/usr/WS1/pandey2/DFtracer1/dftracer/dfanalyzer/main.py:370]
[INFO] [06:01:35] Total size of all files are <dask.bag.core.Item object at 0x1554ade88be0> bytes [/usr/WS1/pandey2/DFtracer1/dftracer/dfanalyzer/main.py:372]
[INFO] [06:01:37] Loaded events [/usr/WS1/pandey2/DFtracer1/dftracer/dfanalyzer/main.py:430]
[INFO] [06:01:37] Loaded plots with slope threshold: 45 [/usr/WS1/pandey2/DFtracer1/dftracer/dfanalyzer/main.py:436]
[INFO] [06:01:41] Created index for 0 files [/usr/WS1/pandey2/DFtracer1/dftracer/dfanalyzer/main.py:370]
[INFO] [06:01:41] Total size of all files are <dask.bag.core.Item object at 0x1554ade8aa30> bytes [/usr/WS1/pandey2/DFtracer1/dftracer/dfanalyzer/main.py:372]
[INFO] [06:01:42] Loaded events [/usr/WS1/pandey2/DFtracer1/dftracer/dfanalyzer/main.py:430]
[INFO] [06:01:42] Loaded plots with slope threshold: 45 [/usr/WS1/pandey2/DFtracer1/dftracer/dfanalyzer/main.py:436]
[INFO] [12:15:12] Initialized Client with 4 workers and link http://127.0.0.1:41861/status [/usr/WS1/pandey2/DFtracer1/dftracer/dfanalyzer/main.py:676]
[INFO] [12:15:14] Restarting all workers [/usr/WS1/pandey2/DFtracer1/dftracer/dfanalyzer/main.py:664]
[INFO] [12:15:14] Created index for 0 files [/usr/WS1/pandey2/DFtracer1/dftracer/dfanalyzer/main.py:370]
[INFO] [12:15:14] Total size of all files are <dask.bag.core.Item object at 0x1554ade6fbe0> bytes [/usr/WS1/pandey2/DFtracer1/dftracer/dfanalyzer/main.py:372]
[INFO] [12:15:16] Loaded events [/usr/WS1/pandey2/DFtracer1/dftracer/dfanalyzer/main.py:430]
[INFO] [12:15:16] Loaded plots with slope threshold: 45 [/usr/WS1/pandey2/DFtracer1/dftracer/dfanalyzer/main.py:436]
[INFO] [12:21:04] Initialized Client with 4 workers and link http://127.0.0.1:33591/status [/usr/WS1/pandey2/DFtracer1/dftracer/dfanalyzer/main.py:676]
[INFO] [12:21:06] Restarting all workers [/usr/WS1/pandey2/DFtracer1/dftracer/dfanalyzer/main.py:664]
[INFO] [12:21:06] Created index for 0 files [/usr/WS1/pandey2/DFtracer1/dftracer/dfanalyzer/main.py:370]
[INFO] [12:21:06] Total size of all files are <dask.bag.core.Item object at 0x1554ade76bb0> bytes [/usr/WS1/pandey2/DFtracer1/dftracer/dfanalyzer/main.py:372]
[INFO] [12:21:09] Loaded events [/usr/WS1/pandey2/DFtracer1/dftracer/dfanalyzer/main.py:430]
[INFO] [12:21:09] Loaded plots with slope threshold: 45 [/usr/WS1/pandey2/DFtracer1/dftracer/dfanalyzer/main.py:436]
[INFO] [12:22:42] Initialized Client with 4 workers and link http://127.0.0.1:38179/status [/usr/WS1/pandey2/DFtracer1/dftracer/dfanalyzer/main.py:676]
[INFO] [12:22:44] Restarting all workers [/usr/WS1/pandey2/DFtracer1/dftracer/dfanalyzer/main.py:664]
[INFO] [12:22:45] Created index for 0 files [/usr/WS1/pandey2/DFtracer1/dftracer/dfanalyzer/main.py:370]
[INFO] [12:22:45] Total size of all files are <dask.bag.core.Item object at 0x155520e40c70> bytes [/usr/WS1/pandey2/DFtracer1/dftracer/dfanalyzer/main.py:372]
[INFO] [12:22:47] Loaded events [/usr/WS1/pandey2/DFtracer1/dftracer/dfanalyzer/main.py:430]
[INFO] [12:22:47] Loaded plots with slope threshold: 45 [/usr/WS1/pandey2/DFtracer1/dftracer/dfanalyzer/main.py:436]
[INFO] [12:29:30] Created index for 0 files [/usr/WS1/pandey2/DFtracer1/dftracer/dfanalyzer/main.py:370]
[INFO] [12:29:30] Total size of all files are <dask.bag.core.Item object at 0x1554aa73d0a0> bytes [/usr/WS1/pandey2/DFtracer1/dftracer/dfanalyzer/main.py:372]
[INFO] [12:29:31] Loaded events [/usr/WS1/pandey2/DFtracer1/dftracer/dfanalyzer/main.py:430]
[INFO] [12:29:31] Loaded plots with slope threshold: 45 [/usr/WS1/pandey2/DFtracer1/dftracer/dfanalyzer/main.py:436]
[INFO] [14:43:48] Initialized Client with 4 workers and link http://127.0.0.1:38265/status [/usr/WS1/pandey2/DFtracer1/dftracer/dfanalyzer/main.py:676]
[INFO] [14:43:49] Restarting all workers [/usr/WS1/pandey2/DFtracer1/dftracer/dfanalyzer/main.py:664]
[INFO] [14:43:53] Created index for 0 files [/usr/WS1/pandey2/DFtracer1/dftracer/dfanalyzer/main.py:370]
[INFO] [14:43:53] Total size of all files are <dask.bag.core.Item object at 0x1554ade8ca60> bytes [/usr/WS1/pandey2/DFtracer1/dftracer/dfanalyzer/main.py:372]
[INFO] [14:43:55] Loaded events [/usr/WS1/pandey2/DFtracer1/dftracer/dfanalyzer/main.py:430]
[INFO] [14:43:55] Loaded plots with slope threshold: 45 [/usr/WS1/pandey2/DFtracer1/dftracer/dfanalyzer/main.py:436]
[INFO] [18:06:07] Initialized Client with 4 workers and link http://127.0.0.1:40071/status [/usr/WS1/pandey2/DFtracer1/dftracer/dfanalyzer/main.py:676]
[INFO] [18:06:09] Restarting all workers [/usr/WS1/pandey2/DFtracer1/dftracer/dfanalyzer/main.py:664]
[INFO] [18:06:09] Created index for 0 files [/usr/WS1/pandey2/DFtracer1/dftracer/dfanalyzer/main.py:370]
[INFO] [18:06:09] Total size of all files are <dask.bag.core.Item object at 0x1554ade87310> bytes [/usr/WS1/pandey2/DFtracer1/dftracer/dfanalyzer/main.py:372]
[INFO] [18:06:11] Loaded events [/usr/WS1/pandey2/DFtracer1/dftracer/dfanalyzer/main.py:430]
[INFO] [18:06:11] Loaded plots with slope threshold: 45 [/usr/WS1/pandey2/DFtracer1/dftracer/dfanalyzer/main.py:436]
[INFO] [06:59:12] Initialized Client with 4 workers and link http://127.0.0.1:42171/status [/usr/WS1/pandey2/DFtracer1/dftracer/dfanalyzer/main.py:676]
[INFO] [06:59:13] Restarting all workers [/usr/WS1/pandey2/DFtracer1/dftracer/dfanalyzer/main.py:664]
[INFO] [06:59:13] Created index for 0 files [/usr/WS1/pandey2/DFtracer1/dftracer/dfanalyzer/main.py:370]
[INFO] [06:59:13] Total size of all files are <dask.bag.core.Item object at 0x1554ade88b20> bytes [/usr/WS1/pandey2/DFtracer1/dftracer/dfanalyzer/main.py:372]
[INFO] [06:59:15] Loaded events [/usr/WS1/pandey2/DFtracer1/dftracer/dfanalyzer/main.py:430]
[INFO] [06:59:15] Loaded plots with slope threshold: 45 [/usr/WS1/pandey2/DFtracer1/dftracer/dfanalyzer/main.py:436]
